{"contracts/GuaraniToken.sol":{"l":{"11":28,"12":28,"13":28,"17":9},"path":"/Users/franciscoriquelme/Documents/Fran/FPUNA/Tesis/zk-guarani-bridge/contracts/GuaraniToken.sol","s":{"1":28,"2":28,"3":28,"4":9},"b":{"1":[9,1]},"f":{"1":28,"2":9},"fnMap":{"1":{"name":"constructor","line":10,"loc":{"start":{"line":10,"column":4},"end":{"line":14,"column":4}}},"2":{"name":"mint","line":16,"loc":{"start":{"line":16,"column":4},"end":{"line":18,"column":4}}}},"statementMap":{"1":{"start":{"line":11,"column":8},"end":{"line":11,"column":39}},"2":{"start":{"line":12,"column":8},"end":{"line":12,"column":49}},"3":{"start":{"line":13,"column":8},"end":{"line":13,"column":42}},"4":{"start":{"line":17,"column":8},"end":{"line":17,"column":24}}},"branchMap":{"1":{"line":16,"type":"if","locations":[{"start":{"line":16,"column":55},"end":{"line":16,"column":55}},{"start":{"line":16,"column":55},"end":{"line":16,"column":55}}]}}},"contracts/Receiver.sol":{"l":{"20":12,"21":11,"25":11,"26":11,"27":11,"39":11,"40":9,"44":7,"45":7,"46":7},"path":"/Users/franciscoriquelme/Documents/Fran/FPUNA/Tesis/zk-guarani-bridge/contracts/Receiver.sol","s":{"1":12,"2":11,"3":9,"4":7,"5":7},"b":{"1":[11,1],"2":[11,1],"3":[9,2],"4":[7,2]},"f":{"1":12,"2":11,"3":11},"fnMap":{"1":{"name":"onlyRelayer","line":19,"loc":{"start":{"line":19,"column":4},"end":{"line":22,"column":4}}},"2":{"name":"constructor","line":24,"loc":{"start":{"line":24,"column":4},"end":{"line":28,"column":4}}},"3":{"name":"mintRemote","line":38,"loc":{"start":{"line":30,"column":4},"end":{"line":47,"column":4}}}},"statementMap":{"1":{"start":{"line":20,"column":8},"end":{"line":20,"column":62}},"2":{"start":{"line":39,"column":8},"end":{"line":39,"column":50}},"3":{"start":{"line":40,"column":8},"end":{"line":40,"column":1004}},"4":{"start":{"line":45,"column":8},"end":{"line":45,"column":29}},"5":{"start":{"line":46,"column":8},"end":{"line":46,"column":35}}},"branchMap":{"1":{"line":20,"type":"if","locations":[{"start":{"line":20,"column":8},"end":{"line":20,"column":8}},{"start":{"line":20,"column":8},"end":{"line":20,"column":8}}]},"2":{"line":38,"type":"if","locations":[{"start":{"line":38,"column":15},"end":{"line":38,"column":15}},{"start":{"line":38,"column":15},"end":{"line":38,"column":15}}]},"3":{"line":39,"type":"if","locations":[{"start":{"line":39,"column":8},"end":{"line":39,"column":8}},{"start":{"line":39,"column":8},"end":{"line":39,"column":8}}]},"4":{"line":40,"type":"if","locations":[{"start":{"line":40,"column":8},"end":{"line":40,"column":8}},{"start":{"line":40,"column":8},"end":{"line":40,"column":8}}]}}},"contracts/Sender.sol":{"l":{"26":9,"31":8,"32":7,"33":6,"37":5,"39":5,"40":5,"41":5,"45":2},"path":"/Users/franciscoriquelme/Documents/Fran/FPUNA/Tesis/zk-guarani-bridge/contracts/Sender.sol","s":{"1":8,"2":7,"3":6,"4":5,"5":5,"6":2},"b":{"1":[7,1],"2":[6,1],"3":[5,1]},"f":{"1":9,"2":8,"3":2},"fnMap":{"1":{"name":"constructor","line":25,"loc":{"start":{"line":25,"column":4},"end":{"line":27,"column":4}}},"2":{"name":"lock","line":30,"loc":{"start":{"line":30,"column":4},"end":{"line":42,"column":4}}},"3":{"name":"lockedBalance","line":44,"loc":{"start":{"line":44,"column":4},"end":{"line":46,"column":4}}}},"statementMap":{"1":{"start":{"line":31,"column":8},"end":{"line":31,"column":66}},"2":{"start":{"line":32,"column":8},"end":{"line":32,"column":48}},"3":{"start":{"line":33,"column":8},"end":{"line":33,"column":762}},"4":{"start":{"line":37,"column":8},"end":{"line":37,"column":60}},"5":{"start":{"line":40,"column":8},"end":{"line":40,"column":59}},"6":{"start":{"line":45,"column":8},"end":{"line":45,"column":45}}},"branchMap":{"1":{"line":31,"type":"if","locations":[{"start":{"line":31,"column":8},"end":{"line":31,"column":8}},{"start":{"line":31,"column":8},"end":{"line":31,"column":8}}]},"2":{"line":32,"type":"if","locations":[{"start":{"line":32,"column":8},"end":{"line":32,"column":8}},{"start":{"line":32,"column":8},"end":{"line":32,"column":8}}]},"3":{"line":33,"type":"if","locations":[{"start":{"line":33,"column":8},"end":{"line":33,"column":8}},{"start":{"line":33,"column":8},"end":{"line":33,"column":8}}]}}}}